My project/Library/Bee/Android/Prj/IL2CPP/Gradle/unityLibrary/build/intermediates/manifest_merge_blame_file/release/manifest-merger-blame-release-report.txt
1<?xml version="1.0" encoding="utf-8"?>
2<manifest xmlns:android="http://schemas.android.com/apk/res/android"
3    xmlns:tools="http://schemas.android.com/tools"
4    package="com.unity3d.player"
5    android:installLocation="auto" >
6
7    <uses-sdk
8        android:minSdkVersion="29"
8-->src\main\AndroidManifest.xml
9        android:targetSdkVersion="32" />
9-->src\main\AndroidManifest.xml
10
11    <uses-permission android:name="android.permission.INTERNET" />
11-->src\main\AndroidManifest.xml:3:3-65
11-->src\main\AndroidManifest.xml:3:20-62
12
13    <uses-feature android:glEsVersion="0x00030000" />
13-->src\main\AndroidManifest.xml:4:3-52
13-->src\main\AndroidManifest.xml:4:17-49
14    <uses-feature
14-->src\main\AndroidManifest.xml:5:3-91
15        android:name="android.hardware.vulkan.version"
15-->src\main\AndroidManifest.xml:5:17-63
16        android:required="false" />
16-->src\main\AndroidManifest.xml:5:64-88
17    <uses-feature
17-->src\main\AndroidManifest.xml:6:3-88
18        android:name="android.hardware.touchscreen"
18-->src\main\AndroidManifest.xml:6:17-60
19        android:required="false" />
19-->src\main\AndroidManifest.xml:6:61-85
20    <uses-feature
20-->src\main\AndroidManifest.xml:7:3-99
21        android:name="android.hardware.touchscreen.multitouch"
21-->src\main\AndroidManifest.xml:7:17-71
22        android:required="false" />
22-->src\main\AndroidManifest.xml:7:72-96
23    <uses-feature
23-->src\main\AndroidManifest.xml:8:3-108
24        android:name="android.hardware.touchscreen.multitouch.distinct"
24-->src\main\AndroidManifest.xml:8:17-80
25        android:required="false" />
25-->src\main\AndroidManifest.xml:8:81-105
26    <uses-feature
26-->src\main\AndroidManifest.xml:32:3-111
27        android:name="android.hardware.vr.headtracking"
27-->src\main\AndroidManifest.xml:32:17-64
28        android:required="true"
28-->src\main\AndroidManifest.xml:32:65-88
29        android:version="1" />
29-->src\main\AndroidManifest.xml:32:89-108
30
31    <application android:extractNativeLibs="true" >
31-->src\main\AndroidManifest.xml:9:3-31:17
31-->src\main\AndroidManifest.xml:9:16-48
32        <meta-data
32-->src\main\AndroidManifest.xml:10:5-69
33            android:name="unity.splash-mode"
33-->src\main\AndroidManifest.xml:10:16-48
34            android:value="0" />
34-->src\main\AndroidManifest.xml:10:49-66
35        <meta-data
35-->src\main\AndroidManifest.xml:11:5-74
36            android:name="unity.splash-enable"
36-->src\main\AndroidManifest.xml:11:16-50
37            android:value="True" />
37-->src\main\AndroidManifest.xml:11:51-71
38        <meta-data
38-->src\main\AndroidManifest.xml:12:5-78
39            android:name="unity.launch-fullscreen"
39-->src\main\AndroidManifest.xml:12:16-54
40            android:value="True" />
40-->src\main\AndroidManifest.xml:12:55-75
41        <meta-data
41-->src\main\AndroidManifest.xml:13:5-84
42            android:name="unity.allow-resizable-window"
42-->src\main\AndroidManifest.xml:13:16-59
43            android:value="False" />
43-->src\main\AndroidManifest.xml:13:60-81
44        <meta-data
44-->src\main\AndroidManifest.xml:14:5-81
45            android:name="notch.config"
45-->src\main\AndroidManifest.xml:14:16-43
46            android:value="portrait|landscape" />
46-->src\main\AndroidManifest.xml:14:44-78
47        <meta-data
47-->src\main\AndroidManifest.xml:15:5-84
48            android:name="unity.auto-report-fully-drawn"
48-->src\main\AndroidManifest.xml:15:16-60
49            android:value="true" />
49-->src\main\AndroidManifest.xml:15:61-81
50
51        <activity
51-->src\main\AndroidManifest.xml:16:5-25:16
52            android:name="com.unity3d.player.UnityPlayerActivity"
52-->src\main\AndroidManifest.xml:16:15-68
53            android:configChanges="keyboard|keyboardHidden|navigation|orientation|screenLayout|screenSize|uiMode|density"
53-->src\main\AndroidManifest.xml:16:204-313
54            android:exported="true"
54-->src\main\AndroidManifest.xml:16:385-408
55            android:hardwareAccelerated="false"
55-->src\main\AndroidManifest.xml:16:349-384
56            android:launchMode="singleTask"
56-->src\main\AndroidManifest.xml:16:172-203
57            android:resizeableActivity="false"
57-->src\main\AndroidManifest.xml:16:314-348
58            android:screenOrientation="landscape"
58-->src\main\AndroidManifest.xml:16:134-171
59            android:theme="@android:style/Theme.Black.NoTitleBar.Fullscreen" >
59-->src\main\AndroidManifest.xml:16:69-133
60            <intent-filter>
60-->src\main\AndroidManifest.xml:17:7-21:23
61                <category android:name="android.intent.category.LAUNCHER" />
61-->src\main\AndroidManifest.xml:18:9-69
61-->src\main\AndroidManifest.xml:18:19-66
62
63                <action android:name="android.intent.action.MAIN" />
63-->src\main\AndroidManifest.xml:19:9-61
63-->src\main\AndroidManifest.xml:19:17-58
64
65                <category android:name="com.oculus.intent.category.VR" />
65-->src\main\AndroidManifest.xml:20:9-66
65-->src\main\AndroidManifest.xml:20:19-63
66            </intent-filter>
67
68            <meta-data
68-->src\main\AndroidManifest.xml:22:7-82
69                android:name="unityplayer.UnityActivity"
69-->src\main\AndroidManifest.xml:22:18-58
70                android:value="true" />
70-->src\main\AndroidManifest.xml:22:59-79
71            <meta-data
71-->src\main\AndroidManifest.xml:23:7-70
72                android:name="notch_support"
72-->src\main\AndroidManifest.xml:23:18-46
73                android:value="true" />
73-->src\main\AndroidManifest.xml:23:47-67
74            <meta-data
74-->src\main\AndroidManifest.xml:24:7-81
75                android:name="com.oculus.vr.focusaware"
75-->src\main\AndroidManifest.xml:24:18-57
76                android:value="true" />
76-->src\main\AndroidManifest.xml:24:58-78
77        </activity>
78
79        <meta-data
79-->src\main\AndroidManifest.xml:26:5-97
80            android:name="com.samsung.android.vr.application.mode"
80-->src\main\AndroidManifest.xml:26:16-70
81            android:value="vr_only" />
81-->src\main\AndroidManifest.xml:26:71-94
82        <meta-data
82-->src\main\AndroidManifest.xml:27:5-91
83            android:name="com.unity.xr.oculus.LowOverheadMode"
83-->src\main\AndroidManifest.xml:27:16-66
84            android:value="false" />
84-->src\main\AndroidManifest.xml:27:67-88
85        <meta-data
85-->src\main\AndroidManifest.xml:28:5-88
86            android:name="com.unity.xr.oculus.LateLatching"
86-->src\main\AndroidManifest.xml:28:16-63
87            android:value="false" />
87-->src\main\AndroidManifest.xml:28:64-85
88        <meta-data
88-->src\main\AndroidManifest.xml:29:5-93
89            android:name="com.unity.xr.oculus.LateLatchingDebug"
89-->src\main\AndroidManifest.xml:29:16-68
90            android:value="false" />
90-->src\main\AndroidManifest.xml:29:69-90
91        <meta-data
91-->src\main\AndroidManifest.xml:30:5-92
92            android:name="com.oculus.supportedDevices"
92-->src\main\AndroidManifest.xml:30:16-58
93            android:value="quest2|cambria" />
93-->src\main\AndroidManifest.xml:30:59-89
94    </application>
95
96</manifest>